Added Component: Designator=C1(CAP_POL5)
Add component. Clean all parameters for all variants
Add component (AddParameter): Name = "Value"; Value = "22uF"; VariantName = "[No Variations]"
Added Component: Designator=LED1(LED2.54-5MM-GREEN)
Add component. Clean all parameters for all variants
Add component (AddParameter): Name = "Name"; Value = "L1503"; VariantName = "[No Variations]"
Added Component: Designator=LED2(LED2.54-5MM-GREEN)
Add component. Clean all parameters for all variants
Add component (AddParameter): Name = "Name"; Value = "L1503"; VariantName = "[No Variations]"
Added Component: Designator=LED3(LED2.54-5MM-GREEN)
Add component. Clean all parameters for all variants
Add component (AddParameter): Name = "Name"; Value = "L1503"; VariantName = "[No Variations]"
Added Component: Designator=LED4(LED2.54-5MM-GREEN)
Add component. Clean all parameters for all variants
Add component (AddParameter): Name = "Name"; Value = "L1503"; VariantName = "[No Variations]"
Added Component: Designator=LED5(LED2.54-5MM-GREEN)
Add component. Clean all parameters for all variants
Add component (AddParameter): Name = "Name"; Value = "L1503"; VariantName = "[No Variations]"
Added Component: Designator=LED6(LED2.54-5MM-GREEN)
Add component. Clean all parameters for all variants
Add component (AddParameter): Name = "Name"; Value = "L1503"; VariantName = "[No Variations]"
Added Component: Designator=LED7(LED2.54-5MM-GREEN)
Add component. Clean all parameters for all variants
Add component (AddParameter): Name = "Name"; Value = "L1503"; VariantName = "[No Variations]"
Added Component: Designator=LED8(LED2.54-5MM-GREEN)
Add component. Clean all parameters for all variants
Add component (AddParameter): Name = "Name"; Value = "L1503"; VariantName = "[No Variations]"
Added Component: Designator=LED9(LED2.54-5MM-GREEN)
Add component. Clean all parameters for all variants
Add component (AddParameter): Name = "Name"; Value = "L1503"; VariantName = "[No Variations]"
Added Component: Designator=LED10(LED2.54-5MM-GREEN)
Add component. Clean all parameters for all variants
Add component (AddParameter): Name = "Name"; Value = "L1503"; VariantName = "[No Variations]"
Added Component: Designator=LED11(LED2.54-5MM-GREEN)
Add component. Clean all parameters for all variants
Add component (AddParameter): Name = "Name"; Value = "L1503"; VariantName = "[No Variations]"
Added Component: Designator=LED12(LED2.54-5MM-GREEN)
Add component. Clean all parameters for all variants
Add component (AddParameter): Name = "Name"; Value = "L1503"; VariantName = "[No Variations]"
Added Component: Designator=LED13(LED2.54-5MM-GREEN)
Add component. Clean all parameters for all variants
Add component (AddParameter): Name = "Name"; Value = "L1503"; VariantName = "[No Variations]"
Added Component: Designator=LED14(LED2.54-5MM-GREEN)
Add component. Clean all parameters for all variants
Add component (AddParameter): Name = "Name"; Value = "L1503"; VariantName = "[No Variations]"
Added Component: Designator=LED15(LED2.54-5MM-GREEN)
Add component. Clean all parameters for all variants
Add component (AddParameter): Name = "Name"; Value = "L1503"; VariantName = "[No Variations]"
Added Component: Designator=LED16(LED2.54-5MM-GREEN)
Add component. Clean all parameters for all variants
Add component (AddParameter): Name = "Name"; Value = "L1503"; VariantName = "[No Variations]"
Added Component: Designator=LED17(LED2.54-5MM-GREEN)
Add component. Clean all parameters for all variants
Add component (AddParameter): Name = "Name"; Value = "L1503"; VariantName = "[No Variations]"
Added Component: Designator=LED18(LED2.54-5MM-GREEN)
Add component. Clean all parameters for all variants
Add component (AddParameter): Name = "Name"; Value = "L1503"; VariantName = "[No Variations]"
Added Component: Designator=LED19(LED2.54-5MM-GREEN)
Add component. Clean all parameters for all variants
Add component (AddParameter): Name = "Name"; Value = "L1503"; VariantName = "[No Variations]"
Added Component: Designator=LED20(LED2.54-5MM-GREEN)
Add component. Clean all parameters for all variants
Add component (AddParameter): Name = "Name"; Value = "L1503"; VariantName = "[No Variations]"
Added Component: Designator=LED21(LED2.54-5MM-GREEN)
Add component. Clean all parameters for all variants
Add component (AddParameter): Name = "Name"; Value = "L1503"; VariantName = "[No Variations]"
Added Component: Designator=LED22(LED2.54-5MM-GREEN)
Add component. Clean all parameters for all variants
Add component (AddParameter): Name = "Name"; Value = "L1503"; VariantName = "[No Variations]"
Added Component: Designator=LED23(LED2.54-5MM-GREEN)
Add component. Clean all parameters for all variants
Add component (AddParameter): Name = "Name"; Value = "L1503"; VariantName = "[No Variations]"
Added Component: Designator=LED24(LED2.54-5MM-GREEN)
Add component. Clean all parameters for all variants
Add component (AddParameter): Name = "Name"; Value = "L1503"; VariantName = "[No Variations]"
Added Component: Designator=LED25(LED2.54-5MM-GREEN)
Add component. Clean all parameters for all variants
Add component (AddParameter): Name = "Name"; Value = "L1503"; VariantName = "[No Variations]"
Added Component: Designator=LED26(LED2.54-5MM-GREEN)
Add component. Clean all parameters for all variants
Add component (AddParameter): Name = "Name"; Value = "L1503"; VariantName = "[No Variations]"
Added Component: Designator=LED27(LED2.54-5MM-GREEN)
Add component. Clean all parameters for all variants
Add component (AddParameter): Name = "Name"; Value = "L1503"; VariantName = "[No Variations]"
Added Component: Designator=LED28(LED2.54-5MM-GREEN)
Add component. Clean all parameters for all variants
Add component (AddParameter): Name = "Name"; Value = "L1503"; VariantName = "[No Variations]"
Added Component: Designator=LED29(LED2.54-5MM-GREEN)
Add component. Clean all parameters for all variants
Add component (AddParameter): Name = "Name"; Value = "L1503"; VariantName = "[No Variations]"
Added Component: Designator=LED30(LED2.54-5MM-GREEN)
Add component. Clean all parameters for all variants
Add component (AddParameter): Name = "Name"; Value = "L1503"; VariantName = "[No Variations]"
Added Component: Designator=LED31(LED2.54-5MM-GREEN)
Add component. Clean all parameters for all variants
Add component (AddParameter): Name = "Name"; Value = "L1503"; VariantName = "[No Variations]"
Added Component: Designator=LED32(LED2.54-5MM-GREEN)
Add component. Clean all parameters for all variants
Add component (AddParameter): Name = "Name"; Value = "L1503"; VariantName = "[No Variations]"
Added Component: Designator=LED33(LED2.54-5MM-GREEN)
Add component. Clean all parameters for all variants
Add component (AddParameter): Name = "Name"; Value = "L1503"; VariantName = "[No Variations]"
Added Component: Designator=LED34(LED2.54-5MM-GREEN)
Add component. Clean all parameters for all variants
Add component (AddParameter): Name = "Name"; Value = "L1503"; VariantName = "[No Variations]"
Added Component: Designator=LED35(LED2.54-5MM-GREEN)
Add component. Clean all parameters for all variants
Add component (AddParameter): Name = "Name"; Value = "L1503"; VariantName = "[No Variations]"
Added Component: Designator=LED36(LED2.54-5MM-GREEN)
Add component. Clean all parameters for all variants
Add component (AddParameter): Name = "Name"; Value = "L1503"; VariantName = "[No Variations]"
Added Component: Designator=LED37(LED2.54-5MM-GREEN)
Add component. Clean all parameters for all variants
Add component (AddParameter): Name = "Name"; Value = "L1503"; VariantName = "[No Variations]"
Added Component: Designator=LED38(LED2.54-5MM-GREEN)
Add component. Clean all parameters for all variants
Add component (AddParameter): Name = "Name"; Value = "L1503"; VariantName = "[No Variations]"
Added Component: Designator=LED39(LED2.54-5MM-GREEN)
Add component. Clean all parameters for all variants
Add component (AddParameter): Name = "Name"; Value = "L1503"; VariantName = "[No Variations]"
Added Component: Designator=LED40(LED2.54-5MM-GREEN)
Add component. Clean all parameters for all variants
Add component (AddParameter): Name = "Name"; Value = "L1503"; VariantName = "[No Variations]"
Added Component: Designator=P1(H2-5.08)
Add component. Clean all parameters for all variants
Add component (AddParameter): Name = "Name"; Value = "31-011-02"; VariantName = "[No Variations]"
Added Component: Designator=R1(AXIAL10R)
Add component. Clean all parameters for all variants
Add component (AddParameter): Name = "Value"; Value = "20K"; VariantName = "[No Variations]"
Added Component: Designator=R2(R0805)
Add component. Clean all parameters for all variants
Add component (AddParameter): Name = "Value"; Value = "1K"; VariantName = "[No Variations]"
Added Component: Designator=R3(AXIAL10R)
Add component. Clean all parameters for all variants
Add component (AddParameter): Name = "Value"; Value = "8.2K"; VariantName = "[No Variations]"
Added Component: Designator=R4(AXIAL10R)
Add component. Clean all parameters for all variants
Add component (AddParameter): Name = "Value"; Value = "22"; VariantName = "[No Variations]"
Added Component: Designator=R5(R0805)
Add component. Clean all parameters for all variants
Add component (AddParameter): Name = "Value"; Value = "22"; VariantName = "[No Variations]"
Added Component: Designator=U1(SOIC8)
Add component. Clean all parameters for all variants
Add component (AddParameter): Name = "Name"; Value = "NE555"; VariantName = "[No Variations]"
Added Component: Designator=VD1(AXIAL10D-BL)
Add component. Clean all parameters for all variants
Add component (AddParameter): Name = "Name"; Value = "1N4148"; VariantName = "[No Variations]"
Added Component: Designator=VT1(TO-92)
Add component. Clean all parameters for all variants
Add component (AddParameter): Name = "Name"; Value = "BC547BTA"; VariantName = "[No Variations]"
Added Component: Designator=VT2(TO-92)
Add component. Clean all parameters for all variants
Add component (AddParameter): Name = "Name"; Value = "BC327-25"; VariantName = "[No Variations]"
Added Pin To Net: NetName=GND Pin=C1-1
Added Pin To Net: NetName=GND Pin=LED1-2
Added Pin To Net: NetName=GND Pin=LED2-2
Added Pin To Net: NetName=GND Pin=LED3-2
Added Pin To Net: NetName=GND Pin=LED4-2
Added Pin To Net: NetName=GND Pin=LED5-2
Added Pin To Net: NetName=GND Pin=P1-2
Added Pin To Net: NetName=GND Pin=U1-1
Added Pin To Net: NetName=GND Pin=VT2-1
Added Net: Name=GND
Added Pin To Net: NetName=NetC1_2 Pin=C1-2
Added Pin To Net: NetName=NetC1_2 Pin=R3-2
Added Pin To Net: NetName=NetC1_2 Pin=U1-2
Added Pin To Net: NetName=NetC1_2 Pin=U1-6
Added Net: Name=NetC1_2
Added Pin To Net: NetName=NetLED1_1 Pin=LED1-1
Added Pin To Net: NetName=NetLED1_1 Pin=LED6-2
Added Net: Name=NetLED1_1
Added Pin To Net: NetName=NetLED2_1 Pin=LED2-1
Added Pin To Net: NetName=NetLED2_1 Pin=LED7-2
Added Net: Name=NetLED2_1
Added Pin To Net: NetName=NetLED3_1 Pin=LED3-1
Added Pin To Net: NetName=NetLED3_1 Pin=LED8-2
Added Net: Name=NetLED3_1
Added Pin To Net: NetName=NetLED4_1 Pin=LED4-1
Added Pin To Net: NetName=NetLED4_1 Pin=LED9-2
Added Net: Name=NetLED4_1
Added Pin To Net: NetName=NetLED5_1 Pin=LED5-1
Added Pin To Net: NetName=NetLED5_1 Pin=LED10-2
Added Net: Name=NetLED5_1
Added Pin To Net: NetName=NetLED6_1 Pin=LED6-1
Added Pin To Net: NetName=NetLED6_1 Pin=LED11-2
Added Net: Name=NetLED6_1
Added Pin To Net: NetName=NetLED7_1 Pin=LED7-1
Added Pin To Net: NetName=NetLED7_1 Pin=LED12-2
Added Net: Name=NetLED7_1
Added Pin To Net: NetName=NetLED8_1 Pin=LED8-1
Added Pin To Net: NetName=NetLED8_1 Pin=LED13-2
Added Net: Name=NetLED8_1
Added Pin To Net: NetName=NetLED9_1 Pin=LED9-1
Added Pin To Net: NetName=NetLED9_1 Pin=LED14-2
Added Net: Name=NetLED9_1
Added Pin To Net: NetName=NetLED10_1 Pin=LED10-1
Added Pin To Net: NetName=NetLED10_1 Pin=LED15-2
Added Net: Name=NetLED10_1
Added Pin To Net: NetName=NetLED11_1 Pin=LED11-1
Added Pin To Net: NetName=NetLED11_1 Pin=LED16-2
Added Net: Name=NetLED11_1
Added Pin To Net: NetName=NetLED12_1 Pin=LED12-1
Added Pin To Net: NetName=NetLED12_1 Pin=LED17-2
Added Net: Name=NetLED12_1
Added Pin To Net: NetName=NetLED13_1 Pin=LED13-1
Added Pin To Net: NetName=NetLED13_1 Pin=LED18-2
Added Net: Name=NetLED13_1
Added Pin To Net: NetName=NetLED14_1 Pin=LED14-1
Added Pin To Net: NetName=NetLED14_1 Pin=LED19-2
Added Net: Name=NetLED14_1
Added Pin To Net: NetName=NetLED15_1 Pin=LED15-1
Added Pin To Net: NetName=NetLED15_1 Pin=LED20-2
Added Net: Name=NetLED15_1
Added Pin To Net: NetName=NetLED16_1 Pin=LED16-1
Added Pin To Net: NetName=NetLED16_1 Pin=LED17-1
Added Pin To Net: NetName=NetLED16_1 Pin=LED18-1
Added Pin To Net: NetName=NetLED16_1 Pin=LED19-1
Added Pin To Net: NetName=NetLED16_1 Pin=LED20-1
Added Pin To Net: NetName=NetLED16_1 Pin=R4-1
Added Net: Name=NetLED16_1
Added Pin To Net: NetName=NetLED21_2 Pin=LED21-2
Added Pin To Net: NetName=NetLED21_2 Pin=LED26-1
Added Net: Name=NetLED21_2
Added Pin To Net: NetName=NetLED22_2 Pin=LED22-2
Added Pin To Net: NetName=NetLED22_2 Pin=LED27-1
Added Net: Name=NetLED22_2
Added Pin To Net: NetName=NetLED23_2 Pin=LED23-2
Added Pin To Net: NetName=NetLED23_2 Pin=LED28-1
Added Net: Name=NetLED23_2
Added Pin To Net: NetName=NetLED24_2 Pin=LED24-2
Added Pin To Net: NetName=NetLED24_2 Pin=LED29-1
Added Net: Name=NetLED24_2
Added Pin To Net: NetName=NetLED25_2 Pin=LED25-2
Added Pin To Net: NetName=NetLED25_2 Pin=LED30-1
Added Net: Name=NetLED25_2
Added Pin To Net: NetName=NetLED26_2 Pin=LED26-2
Added Pin To Net: NetName=NetLED26_2 Pin=LED31-1
Added Net: Name=NetLED26_2
Added Pin To Net: NetName=NetLED27_2 Pin=LED27-2
Added Pin To Net: NetName=NetLED27_2 Pin=LED32-1
Added Net: Name=NetLED27_2
Added Pin To Net: NetName=NetLED28_2 Pin=LED28-2
Added Pin To Net: NetName=NetLED28_2 Pin=LED33-1
Added Net: Name=NetLED28_2
Added Pin To Net: NetName=NetLED29_2 Pin=LED29-2
Added Pin To Net: NetName=NetLED29_2 Pin=LED34-1
Added Net: Name=NetLED29_2
Added Pin To Net: NetName=NetLED30_2 Pin=LED30-2
Added Pin To Net: NetName=NetLED30_2 Pin=LED35-1
Added Net: Name=NetLED30_2
Added Pin To Net: NetName=NetLED31_2 Pin=LED31-2
Added Pin To Net: NetName=NetLED31_2 Pin=LED36-1
Added Net: Name=NetLED31_2
Added Pin To Net: NetName=NetLED32_2 Pin=LED32-2
Added Pin To Net: NetName=NetLED32_2 Pin=LED37-1
Added Net: Name=NetLED32_2
Added Pin To Net: NetName=NetLED33_2 Pin=LED33-2
Added Pin To Net: NetName=NetLED33_2 Pin=LED38-1
Added Net: Name=NetLED33_2
Added Pin To Net: NetName=NetLED34_2 Pin=LED34-2
Added Pin To Net: NetName=NetLED34_2 Pin=LED39-1
Added Net: Name=NetLED34_2
Added Pin To Net: NetName=NetLED35_2 Pin=LED35-2
Added Pin To Net: NetName=NetLED35_2 Pin=LED40-1
Added Net: Name=NetLED35_2
Added Pin To Net: NetName=NetLED36_2 Pin=LED36-2
Added Pin To Net: NetName=NetLED36_2 Pin=LED37-2
Added Pin To Net: NetName=NetLED36_2 Pin=LED38-2
Added Pin To Net: NetName=NetLED36_2 Pin=LED39-2
Added Pin To Net: NetName=NetLED36_2 Pin=LED40-2
Added Pin To Net: NetName=NetLED36_2 Pin=R5-1
Added Net: Name=NetLED36_2
Added Pin To Net: NetName=NetP1_1 Pin=P1-1
Added Pin To Net: NetName=NetP1_1 Pin=VD1-1
Added Net: Name=NetP1_1
Added Pin To Net: NetName=NetR1_1 Pin=R1-1
Added Pin To Net: NetName=NetR1_1 Pin=R3-1
Added Pin To Net: NetName=NetR1_1 Pin=U1-7
Added Net: Name=NetR1_1
Added Pin To Net: NetName=NetR2_1 Pin=R2-1
Added Pin To Net: NetName=NetR2_1 Pin=U1-3
Added Net: Name=NetR2_1
Added Pin To Net: NetName=NetR2_2 Pin=R2-2
Added Pin To Net: NetName=NetR2_2 Pin=VT1-2
Added Pin To Net: NetName=NetR2_2 Pin=VT2-2
Added Net: Name=NetR2_2
Added Pin To Net: NetName=NetR4_2 Pin=R4-2
Added Pin To Net: NetName=NetR4_2 Pin=VT1-3
Added Net: Name=NetR4_2
Added Pin To Net: NetName=NetR5_2 Pin=R5-2
Added Pin To Net: NetName=NetR5_2 Pin=VT2-3
Added Net: Name=NetR5_2
Added Pin To Net: NetName=VCC Pin=LED21-1
Added Pin To Net: NetName=VCC Pin=LED22-1
Added Pin To Net: NetName=VCC Pin=LED23-1
Added Pin To Net: NetName=VCC Pin=LED24-1
Added Pin To Net: NetName=VCC Pin=LED25-1
Added Pin To Net: NetName=VCC Pin=R1-2
Added Pin To Net: NetName=VCC Pin=U1-4
Added Pin To Net: NetName=VCC Pin=U1-8
Added Pin To Net: NetName=VCC Pin=VD1-2
Added Pin To Net: NetName=VCC Pin=VT1-1
Added Net: Name=VCC
Added Class: Name=HeartBlink
