Change Component Designator: Old Designator=C1 New Designator=C?
Change Component Designator: Old Designator=LED1 New Designator=LED?
Change Component Designator: Old Designator=LED2 New Designator=LED?
Change Component Designator: Old Designator=LED3 New Designator=LED?
Change Component Designator: Old Designator=LED4 New Designator=LED?
Change Component Designator: Old Designator=LED5 New Designator=LED?
Change Component Designator: Old Designator=LED6 New Designator=LED?
Change Component Designator: Old Designator=LED7 New Designator=LED?
Change Component Designator: Old Designator=LED8 New Designator=LED?
Change Component Designator: Old Designator=LED9 New Designator=LED?
Change Component Designator: Old Designator=LED10 New Designator=LED?
Change Component Designator: Old Designator=LED11 New Designator=LED?
Change Component Designator: Old Designator=LED12 New Designator=LED?
Change Component Designator: Old Designator=LED13 New Designator=LED?
Change Component Designator: Old Designator=LED14 New Designator=LED?
Change Component Designator: Old Designator=LED15 New Designator=LED?
Change Component Designator: Old Designator=LED16 New Designator=LED?
Change Component Designator: Old Designator=LED17 New Designator=LED?
Change Component Designator: Old Designator=LED18 New Designator=LED?
Change Component Designator: Old Designator=LED19 New Designator=LED?
Change Component Designator: Old Designator=LED20 New Designator=LED?
Change Component Designator: Old Designator=LED21 New Designator=LED?
Change Component Designator: Old Designator=LED22 New Designator=LED?
Change Component Designator: Old Designator=LED23 New Designator=LED?
Change Component Designator: Old Designator=LED24 New Designator=LED?
Change Component Designator: Old Designator=LED25 New Designator=LED?
Change Component Designator: Old Designator=LED26 New Designator=LED?
Change Component Designator: Old Designator=LED27 New Designator=LED?
Change Component Designator: Old Designator=LED28 New Designator=LED?
Change Component Designator: Old Designator=LED29 New Designator=LED?
Change Component Designator: Old Designator=LED30 New Designator=LED?
Change Component Designator: Old Designator=LED31 New Designator=LED?
Change Component Designator: Old Designator=LED32 New Designator=LED?
Change Component Designator: Old Designator=LED33 New Designator=LED?
Change Component Designator: Old Designator=LED34 New Designator=LED?
Change Component Designator: Old Designator=LED35 New Designator=LED?
Change Component Designator: Old Designator=LED36 New Designator=LED?
Change Component Designator: Old Designator=LED37 New Designator=LED?
Change Component Designator: Old Designator=LED38 New Designator=LED?
Change Component Designator: Old Designator=LED39 New Designator=LED?
Change Component Designator: Old Designator=LED40 New Designator=LED?
Change Component Designator: Old Designator=P1 New Designator=P?
Change Component Designator: Old Designator=R1 New Designator=R?
Change Component Designator: Old Designator=R2 New Designator=R?
Change Component Designator: Old Designator=R3 New Designator=R?
Change Component Designator: Old Designator=R4 New Designator=R?
Change Component Designator: Old Designator=R5 New Designator=R?
Change Component Designator: Old Designator=U1 New Designator=U?
Change Component Designator: Old Designator=VD1 New Designator=VD?
Change Component Designator: Old Designator=VT1 New Designator=VT?
Change Component Designator: Old Designator=VT2 New Designator=VT?
